  [1m[35m (1.0ms)[0m  [1m[34mSELECT sqlite_version(*)[0m
  [1m[35m (1.4ms)[0m  [1m[35mCREATE TABLE "schema_migrations" ("version" varchar NOT NULL PRIMARY KEY)[0m
  [1m[35m (0.9ms)[0m  [1m[35mCREATE TABLE "ar_internal_metadata" ("key" varchar NOT NULL PRIMARY KEY, "value" varchar, "created_at" datetime(6) NOT NULL, "updated_at" datetime(6) NOT NULL)[0m
  [1m[35m (0.1ms)[0m  [1m[34mSELECT "schema_migrations"."version" FROM "schema_migrations" ORDER BY "schema_migrations"."version" ASC[0m
Migrating to CreateArticles (20110201153144)
  [1m[35m (0.0ms)[0m  [1m[36mbegin transaction[0m
  [1m[35m (0.3ms)[0m  [1m[35mCREATE TABLE "articles" ("id" integer PRIMARY KEY AUTOINCREMENT NOT NULL, "name" varchar, "created_at" datetime, "updated_at" datetime)[0m
  [1m[36mprimary::SchemaMigration Create (0.1ms)[0m  [1m[32mINSERT INTO "schema_migrations" ("version") VALUES (?)[0m  [["version", "20110201153144"]]
  [1m[35m (0.6ms)[0m  [1m[36mcommit transaction[0m
Migrating to CreatePosts (20110210205028)
  [1m[35m (0.0ms)[0m  [1m[36mbegin transaction[0m
  [1m[35m (0.3ms)[0m  [1m[35mCREATE TABLE "posts" ("id" integer PRIMARY KEY AUTOINCREMENT NOT NULL, "name" varchar, "created_at" datetime, "updated_at" datetime)[0m
  [1m[36mprimary::SchemaMigration Create (0.1ms)[0m  [1m[32mINSERT INTO "schema_migrations" ("version") VALUES (?)[0m  [["version", "20110210205028"]]
  [1m[35m (0.6ms)[0m  [1m[36mcommit transaction[0m
Migrating to CreateWidgets (20111127184039)
  [1m[35m (0.0ms)[0m  [1m[36mbegin transaction[0m
  [1m[35m (0.3ms)[0m  [1m[35mCREATE TABLE "widgets" ("id" integer PRIMARY KEY AUTOINCREMENT NOT NULL, "name" varchar, "impressions_count" integer DEFAULT 0, "created_at" datetime, "updated_at" datetime)[0m
  [1m[36mprimary::SchemaMigration Create (0.1ms)[0m  [1m[32mINSERT INTO "schema_migrations" ("version") VALUES (?)[0m  [["version", "20111127184039"]]
  [1m[35m (0.7ms)[0m  [1m[36mcommit transaction[0m
Migrating to CreateImpressionsTable (20130719024021)
  [1m[35m (0.0ms)[0m  [1m[36mbegin transaction[0m
  [1m[35m (0.1ms)[0m  [1m[35mDROP TABLE IF EXISTS "impressions"[0m
  [1m[35m (0.3ms)[0m  [1m[35mCREATE TABLE "impressions" ("id" integer PRIMARY KEY AUTOINCREMENT NOT NULL, "impressionable_type" varchar, "impressionable_id" integer, "user_id" integer, "controller_name" varchar, "action_name" varchar, "view_name" varchar, "request_hash" varchar, "ip_address" varchar, "session_hash" varchar, "message" text, "params" text, "referrer" text, "created_at" datetime, "updated_at" datetime)[0m
  [1m[35m (0.1ms)[0m  [1m[35mCREATE  INDEX "impressionable_type_message_index" ON "impressions" ("impressionable_type", "message", "impressionable_id")[0m
  [1m[35m (0.1ms)[0m  [1m[35mCREATE  INDEX "poly_request_index" ON "impressions" ("impressionable_type", "impressionable_id", "request_hash")[0m
  [1m[35m (0.1ms)[0m  [1m[35mCREATE  INDEX "poly_ip_index" ON "impressions" ("impressionable_type", "impressionable_id", "ip_address")[0m
  [1m[35m (0.1ms)[0m  [1m[35mCREATE  INDEX "poly_session_index" ON "impressions" ("impressionable_type", "impressionable_id", "session_hash")[0m
  [1m[35m (0.1ms)[0m  [1m[35mCREATE  INDEX "controlleraction_request_index" ON "impressions" ("controller_name", "action_name", "request_hash")[0m
  [1m[35m (0.1ms)[0m  [1m[35mCREATE  INDEX "controlleraction_ip_index" ON "impressions" ("controller_name", "action_name", "ip_address")[0m
  [1m[35m (0.1ms)[0m  [1m[35mCREATE  INDEX "controlleraction_session_index" ON "impressions" ("controller_name", "action_name", "session_hash")[0m
  [1m[35m (0.1ms)[0m  [1m[35mCREATE  INDEX "poly_params_request_index" ON "impressions" ("impressionable_type", "impressionable_id", "params")[0m
  [1m[35m (0.1ms)[0m  [1m[35mCREATE  INDEX "index_impressions_on_user_id" ON "impressions" ("user_id")[0m
  [1m[36mprimary::SchemaMigration Create (0.1ms)[0m  [1m[32mINSERT INTO "schema_migrations" ("version") VALUES (?)[0m  [["version", "20130719024021"]]
  [1m[35m (0.8ms)[0m  [1m[36mcommit transaction[0m
Migrating to CreateProfiles (20150207135825)
  [1m[35m (0.0ms)[0m  [1m[36mbegin transaction[0m
  [1m[35m (0.3ms)[0m  [1m[35mCREATE TABLE "profiles" ("id" integer PRIMARY KEY AUTOINCREMENT NOT NULL, "username" varchar, "slug" varchar, "created_at" datetime, "updated_at" datetime)[0m
  [1m[36mprimary::SchemaMigration Create (0.1ms)[0m  [1m[32mINSERT INTO "schema_migrations" ("version") VALUES (?)[0m  [["version", "20150207135825"]]
  [1m[35m (0.8ms)[0m  [1m[36mcommit transaction[0m
Migrating to CreateFriendlyIdSlugs (20150207140310)
  [1m[35m (0.0ms)[0m  [1m[36mbegin transaction[0m
  [1m[35m (0.3ms)[0m  [1m[35mCREATE TABLE "friendly_id_slugs" ("id" integer PRIMARY KEY AUTOINCREMENT NOT NULL, "slug" varchar NOT NULL, "sluggable_id" integer NOT NULL, "sluggable_type" varchar(40), "created_at" datetime)[0m
  [1m[35m (0.1ms)[0m  [1m[35mCREATE  INDEX "index_friendly_id_slugs_on_sluggable_id" ON "friendly_id_slugs" ("sluggable_id")[0m
  [1m[35m (0.1ms)[0m  [1m[35mCREATE UNIQUE INDEX "index_friendly_id_slugs_on_slug_and_sluggable_type" ON "friendly_id_slugs" ("slug", "sluggable_type")[0m
  [1m[35m (0.1ms)[0m  [1m[35mCREATE  INDEX "index_friendly_id_slugs_on_sluggable_type" ON "friendly_id_slugs" ("sluggable_type")[0m
  [1m[36mprimary::SchemaMigration Create (0.1ms)[0m  [1m[32mINSERT INTO "schema_migrations" ("version") VALUES (?)[0m  [["version", "20150207140310"]]
  [1m[35m (0.7ms)[0m  [1m[36mcommit transaction[0m
  [1m[36mActiveRecord::InternalMetadata Load (0.1ms)[0m  [1m[34mSELECT "ar_internal_metadata".* FROM "ar_internal_metadata" WHERE "ar_internal_metadata"."key" = ? LIMIT ?[0m  [["key", "environment"], ["LIMIT", 1]]
  [1m[35m (0.0ms)[0m  [1m[36mbegin transaction[0m
  [1m[36mActiveRecord::InternalMetadata Create (0.3ms)[0m  [1m[32mINSERT INTO "ar_internal_metadata" ("key", "value", "created_at", "updated_at") VALUES (?, ?, ?, ?)[0m  [["key", "environment"], ["value", "development"], ["created_at", "2020-04-25 21:53:31.789246"], ["updated_at", "2020-04-25 21:53:31.789246"]]
  [1m[35m (0.5ms)[0m  [1m[36mcommit transaction[0m
  [1m[35m (0.1ms)[0m  [1m[34mSELECT sqlite_version(*)[0m
  [1m[35m (0.1ms)[0m  [1m[34mSELECT "schema_migrations"."version" FROM "schema_migrations" ORDER BY "schema_migrations"."version" ASC[0m
  [1m[35m (1.0ms)[0m  [1m[34mSELECT sqlite_version(*)[0m
  [1m[35m (0.1ms)[0m  [1m[34mSELECT "schema_migrations"."version" FROM "schema_migrations" ORDER BY "schema_migrations"."version" ASC[0m
  [1m[36mActiveRecord::InternalMetadata Load (0.1ms)[0m  [1m[34mSELECT "ar_internal_metadata".* FROM "ar_internal_metadata" WHERE "ar_internal_metadata"."key" = ? LIMIT ?[0m  [["key", "environment"], ["LIMIT", 1]]
  [1m[35m (0.0ms)[0m  [1m[34mSELECT sqlite_version(*)[0m
  [1m[35m (0.1ms)[0m  [1m[34mSELECT "schema_migrations"."version" FROM "schema_migrations" ORDER BY "schema_migrations"."version" ASC[0m
  [1m[35m (1.7ms)[0m  [1m[34mSELECT sqlite_version(*)[0m
  [1m[35m (0.1ms)[0m  [1m[34mSELECT "schema_migrations"."version" FROM "schema_migrations" ORDER BY "schema_migrations"."version" ASC[0m
  [1m[36mActiveRecord::InternalMetadata Load (0.1ms)[0m  [1m[34mSELECT "ar_internal_metadata".* FROM "ar_internal_metadata" WHERE "ar_internal_metadata"."key" = ? LIMIT ?[0m  [["key", "environment"], ["LIMIT", 1]]
  [1m[35m (0.0ms)[0m  [1m[34mSELECT sqlite_version(*)[0m
  [1m[35m (0.1ms)[0m  [1m[34mSELECT "schema_migrations"."version" FROM "schema_migrations" ORDER BY "schema_migrations"."version" ASC[0m
  [1m[35m (1.1ms)[0m  [1m[34mSELECT sqlite_version(*)[0m
  [1m[35m (0.1ms)[0m  [1m[34mSELECT "schema_migrations"."version" FROM "schema_migrations" ORDER BY "schema_migrations"."version" ASC[0m
  [1m[36mActiveRecord::InternalMetadata Load (0.1ms)[0m  [1m[34mSELECT "ar_internal_metadata".* FROM "ar_internal_metadata" WHERE "ar_internal_metadata"."key" = ? LIMIT ?[0m  [["key", "environment"], ["LIMIT", 1]]
  [1m[35m (0.0ms)[0m  [1m[34mSELECT sqlite_version(*)[0m
  [1m[35m (0.1ms)[0m  [1m[34mSELECT "schema_migrations"."version" FROM "schema_migrations" ORDER BY "schema_migrations"."version" ASC[0m
  [1m[35m (2.0ms)[0m  [1m[34mSELECT sqlite_version(*)[0m
  [1m[35m (0.1ms)[0m  [1m[34mSELECT "schema_migrations"."version" FROM "schema_migrations" ORDER BY "schema_migrations"."version" ASC[0m
  [1m[36mActiveRecord::InternalMetadata Load (0.1ms)[0m  [1m[34mSELECT "ar_internal_metadata".* FROM "ar_internal_metadata" WHERE "ar_internal_metadata"."key" = ? LIMIT ?[0m  [["key", "environment"], ["LIMIT", 1]]
  [1m[35m (0.0ms)[0m  [1m[34mSELECT sqlite_version(*)[0m
  [1m[35m (0.1ms)[0m  [1m[34mSELECT "schema_migrations"."version" FROM "schema_migrations" ORDER BY "schema_migrations"."version" ASC[0m
  [1m[35m (2.0ms)[0m  [1m[34mSELECT sqlite_version(*)[0m
  [1m[35m (0.1ms)[0m  [1m[34mSELECT "schema_migrations"."version" FROM "schema_migrations" ORDER BY "schema_migrations"."version" ASC[0m
  [1m[35m (0.1ms)[0m  [1m[34mSELECT "ar_internal_metadata"."value" FROM "ar_internal_metadata" WHERE "ar_internal_metadata"."key" = ?[0m  [["key", "environment"]]
  [1m[35m (0.1ms)[0m  [1m[34mSELECT "schema_migrations"."version" FROM "schema_migrations" ORDER BY "schema_migrations"."version" ASC[0m
  [1m[35m (0.1ms)[0m  [1m[34mSELECT "ar_internal_metadata"."value" FROM "ar_internal_metadata" WHERE "ar_internal_metadata"."key" = ?[0m  [["key", "environment"]]
  [1m[35m (0.1ms)[0m  [1m[34mSELECT "schema_migrations"."version" FROM "schema_migrations" ORDER BY "schema_migrations"."version" ASC[0m
  [1m[35m (0.1ms)[0m  [1m[34mSELECT "ar_internal_metadata"."value" FROM "ar_internal_metadata" WHERE "ar_internal_metadata"."key" = ?[0m  [["key", "environment"]]
  [1m[35m (0.0ms)[0m  [1m[34mSELECT sqlite_version(*)[0m
  [1m[35m (0.0ms)[0m  [1m[34mSELECT sqlite_version(*)[0m
  [1m[35m (0.1ms)[0m  [1m[35mDROP TABLE IF EXISTS "articles"[0m
  [1m[35m (1.3ms)[0m  [1m[35mCREATE TABLE "articles" ("id" integer PRIMARY KEY AUTOINCREMENT NOT NULL, "name" varchar, "created_at" datetime, "updated_at" datetime)[0m
  [1m[35m (0.1ms)[0m  [1m[35mDROP TABLE IF EXISTS "friendly_id_slugs"[0m
  [1m[35m (0.9ms)[0m  [1m[35mCREATE TABLE "friendly_id_slugs" ("id" integer PRIMARY KEY AUTOINCREMENT NOT NULL, "slug" varchar NOT NULL, "sluggable_id" integer NOT NULL, "sluggable_type" varchar(40), "created_at" datetime)[0m
  [1m[35m (1.1ms)[0m  [1m[35mCREATE UNIQUE INDEX "index_friendly_id_slugs_on_slug_and_sluggable_type" ON "friendly_id_slugs" ("slug", "sluggable_type")[0m
  [1m[35m (0.8ms)[0m  [1m[35mCREATE  INDEX "index_friendly_id_slugs_on_sluggable_id" ON "friendly_id_slugs" ("sluggable_id")[0m
  [1m[35m (0.9ms)[0m  [1m[35mCREATE  INDEX "index_friendly_id_slugs_on_sluggable_type" ON "friendly_id_slugs" ("sluggable_type")[0m
  [1m[35m (0.1ms)[0m  [1m[35mDROP TABLE IF EXISTS "impressions"[0m
  [1m[35m (0.9ms)[0m  [1m[35mCREATE TABLE "impressions" ("id" integer PRIMARY KEY AUTOINCREMENT NOT NULL, "impressionable_type" varchar, "impressionable_id" integer, "user_id" integer, "controller_name" varchar, "action_name" varchar, "view_name" varchar, "request_hash" varchar, "ip_address" varchar, "session_hash" varchar, "message" text, "params" text, "referrer" text, "created_at" datetime, "updated_at" datetime)[0m
  [1m[35m (0.8ms)[0m  [1m[35mCREATE  INDEX "controlleraction_ip_index" ON "impressions" ("controller_name", "action_name", "ip_address")[0m
  [1m[35m (0.8ms)[0m  [1m[35mCREATE  INDEX "controlleraction_request_index" ON "impressions" ("controller_name", "action_name", "request_hash")[0m
  [1m[35m (0.8ms)[0m  [1m[35mCREATE  INDEX "controlleraction_session_index" ON "impressions" ("controller_name", "action_name", "session_hash")[0m
  [1m[35m (0.8ms)[0m  [1m[35mCREATE  INDEX "poly_ip_index" ON "impressions" ("impressionable_type", "impressionable_id", "ip_address")[0m
  [1m[35m (1.0ms)[0m  [1m[35mCREATE  INDEX "poly_params_request_index" ON "impressions" ("impressionable_type", "impressionable_id", "params")[0m
  [1m[35m (1.0ms)[0m  [1m[35mCREATE  INDEX "poly_request_index" ON "impressions" ("impressionable_type", "impressionable_id", "request_hash")[0m
  [1m[35m (0.9ms)[0m  [1m[35mCREATE  INDEX "poly_session_index" ON "impressions" ("impressionable_type", "impressionable_id", "session_hash")[0m
  [1m[35m (1.0ms)[0m  [1m[35mCREATE  INDEX "impressionable_type_message_index" ON "impressions" ("impressionable_type", "message", "impressionable_id")[0m
  [1m[35m (0.9ms)[0m  [1m[35mCREATE  INDEX "index_impressions_on_user_id" ON "impressions" ("user_id")[0m
  [1m[35m (0.1ms)[0m  [1m[35mDROP TABLE IF EXISTS "posts"[0m
  [1m[35m (0.9ms)[0m  [1m[35mCREATE TABLE "posts" ("id" integer PRIMARY KEY AUTOINCREMENT NOT NULL, "name" varchar, "created_at" datetime, "updated_at" datetime)[0m
  [1m[35m (0.2ms)[0m  [1m[35mDROP TABLE IF EXISTS "profiles"[0m
  [1m[35m (0.9ms)[0m  [1m[35mCREATE TABLE "profiles" ("id" integer PRIMARY KEY AUTOINCREMENT NOT NULL, "username" varchar, "slug" varchar, "created_at" datetime, "updated_at" datetime)[0m
  [1m[35m (0.1ms)[0m  [1m[35mDROP TABLE IF EXISTS "widgets"[0m
  [1m[35m (0.9ms)[0m  [1m[35mCREATE TABLE "widgets" ("id" integer PRIMARY KEY AUTOINCREMENT NOT NULL, "name" varchar, "impressions_count" integer DEFAULT 0, "created_at" datetime, "updated_at" datetime)[0m
  [1m[35m (1.0ms)[0m  [1m[35mCREATE TABLE "schema_migrations" ("version" varchar NOT NULL PRIMARY KEY)[0m
  [1m[35m (0.1ms)[0m  [1m[34mSELECT "schema_migrations"."version" FROM "schema_migrations" ORDER BY "schema_migrations"."version" ASC[0m
  [1m[35m (1.0ms)[0m  [1m[32mINSERT INTO "schema_migrations" (version) VALUES (20150207140310)[0m
  [1m[35m (0.9ms)[0m  [1m[32mINSERT INTO "schema_migrations" (version) VALUES
(20110201153144),
(20110210205028),
(20111127184039),
(20150207135825);

[0m
  [1m[35m (1.1ms)[0m  [1m[35mCREATE TABLE "ar_internal_metadata" ("key" varchar NOT NULL PRIMARY KEY, "value" varchar, "created_at" datetime(6) NOT NULL, "updated_at" datetime(6) NOT NULL)[0m
  [1m[36mActiveRecord::InternalMetadata Load (0.2ms)[0m  [1m[34mSELECT "ar_internal_metadata".* FROM "ar_internal_metadata" WHERE "ar_internal_metadata"."key" = ? LIMIT ?[0m  [["key", "environment"], ["LIMIT", 1]]
  [1m[35m (0.0ms)[0m  [1m[36mbegin transaction[0m
  [1m[36mActiveRecord::InternalMetadata Create (0.3ms)[0m  [1m[32mINSERT INTO "ar_internal_metadata" ("key", "value", "created_at", "updated_at") VALUES (?, ?, ?, ?)[0m  [["key", "environment"], ["value", "development"], ["created_at", "2020-04-25 22:37:24.495207"], ["updated_at", "2020-04-25 22:37:24.495207"]]
  [1m[35m (0.6ms)[0m  [1m[36mcommit transaction[0m
  [1m[36mActiveRecord::InternalMetadata Load (0.1ms)[0m  [1m[34mSELECT "ar_internal_metadata".* FROM "ar_internal_metadata" WHERE "ar_internal_metadata"."key" = ? LIMIT ?[0m  [["key", "environment"], ["LIMIT", 1]]
  [1m[35m (0.0ms)[0m  [1m[36mbegin transaction[0m
  [1m[36mActiveRecord::InternalMetadata Update (0.3ms)[0m  [1m[33mUPDATE "ar_internal_metadata" SET "value" = ?, "updated_at" = ? WHERE "ar_internal_metadata"."key" = ?[0m  [["value", "test"], ["updated_at", "2020-04-25 22:37:24.500047"], ["key", "environment"]]
  [1m[35m (0.5ms)[0m  [1m[36mcommit transaction[0m
  [1m[36mActiveRecord::InternalMetadata Load (0.1ms)[0m  [1m[34mSELECT "ar_internal_metadata".* FROM "ar_internal_metadata" WHERE "ar_internal_metadata"."key" = ? LIMIT ?[0m  [["key", "schema_sha1"], ["LIMIT", 1]]
  [1m[35m (0.0ms)[0m  [1m[36mbegin transaction[0m
  [1m[36mActiveRecord::InternalMetadata Create (0.3ms)[0m  [1m[32mINSERT INTO "ar_internal_metadata" ("key", "value", "created_at", "updated_at") VALUES (?, ?, ?, ?)[0m  [["key", "schema_sha1"], ["value", "5ae040660cab75fdb1eb4d29b60ed71248910310"], ["created_at", "2020-04-25 22:37:24.504240"], ["updated_at", "2020-04-25 22:37:24.504240"]]
  [1m[35m (0.7ms)[0m  [1m[36mcommit transaction[0m
Generating image variants require the image_processing gem. Please add `gem "image_processing", "~> 1.2"` to your Gemfile or set `config.active_storage.variant_processor = :disabled`.
